2020-10-18 13:37:18,094:WARNING:discord.client: PyNaCl is not installed, voice will NOT be supported
2020-10-18 13:37:18,094:INFO:discord.client: logging in using static token
2020-10-18 13:37:18,297:DEBUG:discord.http: GET https://discordapp.com/api/v7/users/@me with None has returned 200
2020-10-18 13:37:18,297:DEBUG:discord.http: GET https://discordapp.com/api/v7/users/@me has received {'id': '557926375034585089', 'username': 'GameTrackerTest', 'avatar': None, 'discriminator': '5069', 'public_flags': 0, 'flags': 0, 'bot': True, 'email': None, 'verified': True, 'locale': 'en-US', 'mfa_enabled': True}
2020-10-18 13:37:18,322:DEBUG:discord.http: GET https://discordapp.com/api/v7/gateway with None has returned 200
2020-10-18 13:37:18,322:DEBUG:discord.http: GET https://discordapp.com/api/v7/gateway has received {'url': 'wss://gateway.discord.gg'}
2020-10-18 13:37:18,490:INFO:discord.gateway: Created websocket connected to wss://gateway.discord.gg?encoding=json&v=6&compress=zlib-stream
2020-10-18 13:37:18,491:DEBUG:discord.client: Dispatching event socket_raw_receive
2020-10-18 13:37:18,491:DEBUG:discord.gateway: For Shard ID None: WebSocket Event: {'t': None, 's': None, 'op': 10, 'd': {'heartbeat_interval': 41250, '_trace': ['["gateway-prd-main-6402",{"micros":0.0}]']}}
2020-10-18 13:37:18,492:DEBUG:discord.client: Dispatching event socket_response
2020-10-18 13:37:18,492:DEBUG:discord.client: Dispatching event socket_raw_send
2020-10-18 13:37:18,492:DEBUG:discord.client: Dispatching event socket_raw_send
2020-10-18 13:37:18,492:INFO:discord.gateway: Shard ID None has sent the IDENTIFY payload.
2020-10-18 13:37:18,603:DEBUG:discord.client: Dispatching event socket_raw_receive
2020-10-18 13:37:18,604:DEBUG:discord.gateway: For Shard ID None: WebSocket Event: {'t': None, 's': None, 'op': 11, 'd': None}
2020-10-18 13:37:18,604:DEBUG:discord.client: Dispatching event socket_response
2020-10-18 13:37:18,690:DEBUG:discord.client: Dispatching event socket_raw_receive
2020-10-18 13:37:18,690:DEBUG:discord.gateway: For Shard ID None: WebSocket Event: {'t': 'READY', 's': 1, 'op': 0, 'd': {'v': 6, 'user_settings': {}, 'user': {'verified': True, 'username': 'GameTrackerTest', 'mfa_enabled': True, 'id': '557926375034585089', 'flags': 0, 'email': None, 'discriminator': '5069', 'bot': True, 'avatar': None}, 'session_id': 'f1a8fd92fe6a06c5460fab26e728291b', 'relationships': [], 'private_channels': [], 'presences': [], 'guilds': [{'unavailable': True, 'id': '209417765075812360'}], 'application': {'id': '557926375034585089', 'flags': 0}, '_trace': ['["gateway-prd-main-6402",{"micros":85310,"calls":["discord-sessions-prd-2-97",{"micros":80993,"calls":["start_session",{"micros":72184,"calls":["api-prd-main-prkl",{"micros":66210,"calls":["get_user",{"micros":6469},"add_authorized_ip",{"micros":3767},"get_guilds",{"micros":5141},"coros_wait",{"micros":2}]}]},"guilds_connect",{"micros":1,"calls":[]},"presence_connect",{"micros":4697,"calls":[]}]}]}]']}}
2020-10-18 13:37:18,690:DEBUG:discord.client: Dispatching event socket_response
2020-10-18 13:37:18,690:INFO:discord.gateway: Shard ID None has connected to Gateway: ["gateway-prd-main-6402",{"micros":85310,"calls":["discord-sessions-prd-2-97",{"micros":80993,"calls":["start_session",{"micros":72184,"calls":["api-prd-main-prkl",{"micros":66210,"calls":["get_user",{"micros":6469},"add_authorized_ip",{"micros":3767},"get_guilds",{"micros":5141},"coros_wait",{"micros":2}]}]},"guilds_connect",{"micros":1,"calls":[]},"presence_connect",{"micros":4697,"calls":[]}]}]}] (Session ID: f1a8fd92fe6a06c5460fab26e728291b).
2020-10-18 13:37:18,695:DEBUG:discord.client: Dispatching event connect
2020-10-18 13:37:18,695:DEBUG:discord.client: Dispatching event socket_raw_receive
2020-10-18 13:37:18,695:DEBUG:discord.gateway: For Shard ID None: WebSocket Event: {'t': 'GUILD_CREATE', 's': 2, 'op': 0, 'd': {'description': None, 'explicit_content_filter': 0, 'premium_subscription_count': 0, 'public_updates_channel_id': None, 'member_count': 5, 'lazy': True, 'features': [], 'members': [{'user': {'username': 'Gurg', 'id': '105358952753041408', 'discriminator': '6315', 'avatar': '51b74735f6c5272e622e3cfb7aec5461'}, 'roles': [], 'nick': 'poop', 'mute': False, 'joined_at': '2016-07-31T21:11:25.993000+00:00', 'hoisted_role': None, 'deaf': False}, {'user': {'username': 'gurgbot', 'id': '209417687279992842', 'discriminator': '7913', 'bot': True, 'avatar': None}, 'roles': [], 'mute': False, 'joined_at': '2016-07-31T21:15:17.552000+00:00', 'hoisted_role': None, 'deaf': False}, {'user': {'username': 'timebot', 'id': '539140511236358144', 'discriminator': '9503', 'bot': True, 'avatar': None}, 'roles': [], 'mute': False, 'joined_at': '2019-01-27T17:58:21.876000+00:00', 'hoisted_role': None, 'deaf': False}, {'user': {'username': 'GameTrackerTest', 'id': '557926375034585089', 'discriminator': '5069', 'bot': True, 'avatar': None}, 'roles': [], 'mute': False, 'joined_at': '2019-03-20T14:02:13.220000+00:00', 'hoisted_role': None, 'deaf': False}, {'user': {'username': 'Esther', 'id': '624925693104488449', 'discriminator': '7921', 'avatar': '029e2ae63fe05fd90a99ce0bf034185e'}, 'roles': [], 'mute': False, 'joined_at': '2020-03-31T17:01:36.958000+00:00', 'hoisted_role': None, 'deaf': False}], 'splash': None, 'owner_id': '105358952753041408', 'large': False, 'system_channel_flags': 0, 'joined_at': '2019-03-20T14:02:13.220000+00:00', 'afk_timeout': 300, 'presences': [{'user': {'id': '105358952753041408'}, 'status': 'online', 'game': {'type': 0, 'timestamps': {'start': 1603017417543}, 'name': 'Visual Studio Code', 'id': '1b355c6caa3676d8', 'created_at': 1603020780973}, 'client_status': {'desktop': 'online'}, 'activities': [{'type': 0, 'timestamps': {'start': 1603017417543}, 'name': 'Visual Studio Code', 'id': '1b355c6caa3676d8', 'created_at': 1603020780973}]}, {'user': {'id': '557926375034585089'}, 'status': 'online', 'game': None, 'client_status': {'web': 'online'}, 'activities': []}], 'verification_level': 0, 'afk_channel_id': None, 'max_video_channel_users': 25, 'rules_channel_id': None, 'vanity_url_code': None, 'name': 'the gurg zone', 'max_members': 100000, 'banner': None, 'voice_states': [], 'unavailable': False, 'guild_hashes': {'version': 1, 'roles': {'omitted': False, 'hash': 'OK13lKXgumY'}, 'metadata': {'omitted': False, 'hash': 'DRJWvKPJoew'}, 'channels': {'omitted': False, 'hash': 'bR21Q9Lt4hg'}}, 'channels': [{'type': 0, 'topic': None, 'rate_limit_per_user': 0, 'position': 0, 'permission_overwrites': [], 'name': 'general', 'last_message_id': '767343501821476904', 'id': '209417765075812360'}, {'user_limit': 0, 'type': 2, 'position': 0, 'permission_overwrites': [], 'name': 'General', 'id': '209417765075812362', 'bitrate': 64000}, {'type': 0, 'topic': None, 'rate_limit_per_user': 0, 'position': 1, 'permission_overwrites': [{'type': 'member', 'id': '105358952753041408', 'deny_new': '0', 'deny': 0, 'allow_new': '0', 'allow': 0}, {'type': 'member', 'id': '624925693104488449', 'deny_new': '1024', 'deny': 1024, 'allow_new': '0', 'allow': 0}], 'name': 'bot-test', 'last_message_id': '742732865095073944', 'id': '735839317636939827'}], 'system_channel_id': None, 'preferred_locale': 'en-US', 'emojis': [], 'application_id': None, 'icon': None, 'discovery_splash': None, 'region': 'london', 'premium_tier': 0, 'default_message_notifications': 0, 'roles': [{'position': 0, 'permissions_new': '104324673', 'permissions': 104324673, 'name': '@everyone', 'mentionable': False, 'managed': False, 'id': '209417765075812360', 'hoist': False, 'color': 0}], 'mfa_level': 0, 'id': '209417765075812360'}}
2020-10-18 13:37:18,695:DEBUG:discord.client: Dispatching event socket_response
2020-10-18 13:37:18,695:DEBUG:discord.client: Dispatching event guild_available
2020-10-18 13:37:20,696:DEBUG:discord.client: Dispatching event ready
2020-10-18 13:37:20,701:DEBUG:discord.gateway: Sending "{"op":3,"d":{"game":{"type":0,"name":"Selling your data...","timestamps":{}},"afk":false,"since":0.0,"status":"online"}}" to change status
2020-10-18 13:37:20,701:DEBUG:discord.client: Dispatching event socket_raw_send
2020-10-18 13:37:59,743:DEBUG:discord.gateway: Keeping websocket alive with sequence 2.
2020-10-18 13:37:59,743:DEBUG:discord.client: Dispatching event socket_raw_send
2020-10-18 13:37:59,851:DEBUG:discord.client: Dispatching event socket_raw_receive
2020-10-18 13:37:59,851:DEBUG:discord.gateway: For Shard ID None: WebSocket Event: {'t': None, 's': None, 'op': 11, 'd': None}
2020-10-18 13:37:59,852:DEBUG:discord.client: Dispatching event socket_response
2020-10-18 13:38:23,734:INFO:discord.client: Cleaning up tasks.
2020-10-18 13:38:23,734:INFO:discord.client: Cleaning up after 5 tasks.
2020-10-18 13:38:23,843:INFO:discord.client: All tasks finished cancelling.
2020-10-18 13:38:23,843:INFO:discord.client: Closing the event loop.
